  686342 11/ 7/95 16:55  1/ 1/** ..... 2   13395   10702       1 NONE        1 OPEN  9.6   TYMNET     HONEYWELL CONTR AJ PLS ACCEPT       
  690883 11/22/95 17:04  1/ 1/** ..... 2   14377   12032       1 NONE        3 OPEN  ACOM  TYMNET     HONEYWELL       NL HONEY.PR MNJ     
  691355 11/24/95 13:01  1/ 1/** ..... 4      28       0       1 NONE        2 OPEN  AMS02 FRAMERELAY HONEYWELL       GC HONEY MONIT!!    
  692492 11/29/95  8:53  1/ 1/** ..... 2   11845    7476       1 NONE        2 OPEN  OTHER TYMNET     HONEYWELL CONTR ****PLS DEAL ***    
  692565 11/29/95 14:04  1/ 1/** ..... 4      32       0       1 NONE        3 OPEN  FRK03 FRAMERELAY HONEYWELL       GC HONEY JL         
  692635 11/29/95 17:57  1/ 1/** ..... 4      31       0      51 ANALOG      2 MONIT MUN02 FRAMERELAY HONEYWELL       BE MONIT            
  694577 12/ 6/95 17:21  1/ 1/** ..... 2    4512    7030       1 NONE        4 OPEN  XCOM  TYMNET     HONEYWELL INC   WAITING             
  694800 12/ 7/95 14:22  1/ 1/** ..... 1       0   12500       1 NONE        4 OPEN  NODE  TYMNET     HONEYWELL       NC NLOAD            
  695090 12/ 8/95 14:16  1/ 1/** ..... 2   13182   11742       1 NONE        1 OPEN  DIALU TYMNET     HONEYWELL CONTR SD IHC TO CALL      
  695111 12/ 8/95 15:39  1/ 1/** ..... 4      31       0       1 NONE        4 OPEN  EDI01 FRAMERELAY HONEYWELL       HONEY_PRINT         
  680362 10/17/95 11:49 10/17/95 13:44 4      31   91033      42 HWARE/VNDR  1 CLSD  EDI01 FRAMERELAY HONEYWELL       CUST TO CALL        
  680149 10/16/95 16:52 10/18/95 16:57 2    9456   12500      90 SLT RLOD    4 CLSD  XCOM  TYMNET     HONEYWELL       NL HONEY MNJ        
  680680 10/18/95 12:39 10/19/95  8:48 1       0    4363      72 CUST. SITE  1 CLSD  NODE  TYMNET     HONEYWELL       NC N4363 DOWN       
  680776 10/18/95 19:41 10/19/95 13:56 4      32       0      52 DIGITAL     1 CLSD  FRK03 FRAMERELAY HONEYWELL       NC FRK03 32.4       
  680939 10/19/95 10:58 10/19/95 17:53 2   12033    6517      95 NTF/CWT     1 CLSD  4.8   TYMNET     HONEYWELL       FR HONEY/LQS        
  681120 10/19/95 23:21 10/20/95  8:14 4      32       0      51 ANALOG      1 CLSD  FRK03 FRAMERELAY HONEYWELL       NC FRK03 32.4       
  681555 10/21/95  7:58 10/23/95  8:58 1       0    6470      72 CUST. SITE  1 CLSD  NODE  TYMNET     HONEYWELL       NC node down        
  682247 10/24/95 11:11 10/24/95 16:17 4      28       0      52 DIGITAL     3 CLSD  AMS02 FRAMERELAY HONEYWELL       HONEYWELL EMMEN     
  682614 10/25/95  8:26 10/25/95 14:07 2   11120   10606      95 NTF/CWT     1 CLSD  XCOM  TYMNET     HONEYWELL       NL HONEY MNJ        
  683028 10/26/95 13:14 10/26/95 14:45 4      28       0      60 CFG GL EXC  2 CLSD  AMS02 FRAMERELAY HONEYWELL       BE HONEY FR         
  683451 10/27/95 16:05 10/27/95 16:53 4      28       0      60 CFG GL EXC  3 CLSD  AMS02 FRAMERELAY HONEYWELL       BE HONEYWELL        
  683916 10/30/95 11:49 10/30/95 12:49 4      25       0      52 DIGITAL     2 CLSD  SLO02 FRAMERELAY HONEYWELL       BE HONEYWELL UK     
  676912 10/ 4/95 14:45 11/ 1/95 10:36 2   11120   10606     100 P/L RESET   2 CLSD  9.6   TYMNET     HONEYWELL       LS/PSE TO CALL      
  665346  8/21/95 14:44 11/ 2/95 15:54 2    4512    7030      42 HWARE/VNDR  3 CLSD  XCOM  TYMNET     HONEYWELL       .                   
  684352 10/31/95 16:32 11/ 2/95 14:09 4       6       0      42 HWARE/VNDR  2 CLSD  LEE01 FRAMERELAY HONEYWELL       be honey fr         
  684593 11/ 1/95 13:24 11/ 3/95 14:08 4      28       0      54 T-1         1 CLSD  FRE   FRAMERELAY HONEYWELL       HONEYW. JL          
  685164 11/ 3/95  7:38 11/ 3/95 10:37 3       0       0      32 DGTL MODEM  1 CLSD  4.8   FRAMERELAY HONEYWELL       NL Honey/CFRS TH    
  685469 11/ 4/95  8:27 11/ 6/95 10:09 1       0   12343      72 CUST. SITE  1 CLSD  NODE  TYMNET     HONEYWELL       NC NODES DOWN       
  686577 11/ 8/95 12:24 11/ 8/95 13:02 2   10314       0      95 NTF/CWT     1 CLSD  ACOM  TYMNET     HONEYWELL       GEML Honeywell      
  675011  9/27/95 11:20 11/ 9/95 10:27 2   13232   12265      62 VALIDATION  1 CLSD  XCOM  TYMNET     HONEYWELL       PLEASE ACCEPT       
  685843 11/ 6/95 13:46 11/ 9/95 13:51 2    4512    7030      42 HWARE/VNDR  1 CLSD  XCOM  TYMNET     HONEYWELL       GEML HONEYWELL      
  687394 11/10/95 18:09 11/10/95 22:00 3   12760   12760      95 NTF/CWT     2 CLSD  DIALU TYMNET     HONEYWELL                           
  685179 11/ 3/95  9:54 11/13/95 14:47 4      26       0      12 CABLE       3 CLSD  PAR03 FRAMERELAY HONEYWELL AVION BE HONEY/PIM        
  687527 11/11/95  8:01 11/13/95  9:58 1       0   12343      72 CUST. SITE  1 CLSD  PXL   TYMNET     HONEYWELL       NC node down        
  687837 11/13/95  7:31 11/13/95 10:15 2    9999       0      43 CHANGE      1 CLSD  XCOM  TYMNET     HONEYWELL ,NEWH GEOli Hony          
  687845 11/13/95  8:55 11/13/95 10:54 4      28       0      52 DIGITAL     1 CLSD  AMS02 FRAMERELAY HONEYWELL       BE HONEWELL EMMEN   
  687959 11/13/95 14:33 11/13/95 17:34 1       0   12502      71 UNSCHD OUT  1 CLSD  NODE  TYMNET     HONEYWELL       NC Honeywell        
  687942 11/13/95 14:55 11/14/95 12:05 4       8       0      40 OP/PCDR ER  2 CLSD  BRU01 FRAMERELAY HONEYWELL       BE HONEYWELL        
  688040 11/13/95 19:07 11/15/95 13:12 3   13653    3653      30 ASYC MODEM  2 CLSD  DIALU TYMNET     HONEYWELL       CLS 11/15           
  688204 11/14/95  6:49 11/14/95  7:27 2     318    3420      97 REF-OTH-TK  1 CLSD  XCOM  TYMNET     HONEYWELL       NL HONEY 318        
  688294 11/14/95 11:53 11/14/95 12:32 1       0    2601      95 NTF/CWT     1 CLSD  PXL   TYMNET     HONEYWELL       NC NODE 2601        
  688368 11/14/95 16:14 11/15/95  8:52 1       0    3361      72 CUST. SITE  2 CLSD  NODE  TYMNET     HONEYWELL       SP PLS READ         
  683972 10/30/95 14:12 11/16/95 11:37 3   13543   13543      97 REF-OTH-TK  2 CLSD  DIALU TYMNET     HONEYWELL       AJ SEE UPDATE       
  688352 11/14/95 15:34 11/16/95 10:31 4      26       0      71 UNSCHD OUT  1 CLSD  PAR03 FRAMERELAY HONEYWELL       HON/MOUL/CSZ        
  688428 11/14/95 23:28 11/16/95  4:06 1   14602   12033     101 HUMAN ERR   1 CLSD  OTHER TYMNET     HONEYWELL       GC CLOSE ET         
  686257 11/ 7/95 13:36 11/17/95 14:10 2    9456   12500      62 VALIDATION  3 CLSD  XCOM  TYMNET     HONEYWELL       NL HONEYWELL M<     
  688038 11/13/95 19:03 11/17/95  9:42 2   30152   10702      95 NTF/CWT     3 CLSD  XCOM  TYMNET     HONEYWELL CONTR CALL CUST 1700      
  689677 11/18/95 10:44 11/20/95 19:15 1       0    3361      72 CUST. SITE  1 CLSD  NODE  TYMNET     HONEYWELL       NC NODE DOWN        
  690304 11/21/95  8:00 11/22/95 10:57 4      28       0      60 CFG GL EXC  1 CLSD  AMS02 FRAMERELAY HONEYWELL       GC HONEYW JL        
  686284 11/ 7/95 15:55 11/23/95 18:29 4       8       0      97 REF-OTH-TK  3 CLSD  BRU01 FRAMERELAY HONEYWELL       HONEYWELL BRUSSELS  
  689111 11/16/95 13:34 11/23/95 18:31 4       8       0      97 REF-OTH-TK  3 CLSD  BRU01 FRAMERELAY HONEYWELL       BE HONEYWELL        
  690942 11/22/95 22:12 11/23/95 10:50 4      31       0      80 PROJECT     1 CLSD  EDI01 FRAMERELAY HONEYWELL       NY61895             
  691061 11/23/95 11:36 11/23/95 18:33 4      31       0      80 PROJECT     2 CLSD  ELT02 FRAMERELAY HONEYWELL       GC HONEYWELL        
  690416 11/21/95 12:13 11/24/95 16:57 2   13182   11742      95 NTF/CWT     1 CLSD  9.6   TYMNET     HONEYWELL CONTR SD MONITORING       
  691114 11/23/95 12:25 11/24/95 14:17 2   12386    4670      51 ANALOG      1 CLSD  XCOM  TYMNET     HONEYWELL       PLEASE ACCEPT       
  691450 11/24/95 17:21 11/25/95 14:23 1       0   12677      80 PROJECT     1 CLSD  NODE  TYMNET     HONEYWELL       SW HONEYWELL ><     
  690719 11/22/95  8:57 11/27/95 11:06 4      27       0      60 CFG GL EXC  2 CLSD  EDI01 FRAMERELAY HONEYWELL       GC HONEY JL         
  691820 11/27/95  8:01 11/27/95 11:00 2   15870       0       1 NONE        1 CLSD  XCOM  TYMNET     HONEYWELL       GEML HONEY MNJ      
  691854 11/27/95 10:55 11/27/95 11:07 2   11120   10606      40 OP/PCDR ER  1 CLSD  XCOM  TYMNET     HONEYWELL       GEML Honeywell      
  687729 11/12/95 19:44 11/28/95 14:42 1       0   12475      80 PROJECT     4 CLSD  14.4  TYMNET     HONEYWELL       NL L/L OUT 28/11    
  691882 11/27/95 12:39 11/28/95 14:30 4      32       0      51 ANALOG      1 CLSD  FRK03 FRAMERELAY HONEYWELL       GEML Honeywell      
  692291 11/28/95 18:20 11/29/95  7:44 1       0   12677      44 DOWNTIME    1 CLSD  NODE  TYMNET     HONEYWELL       NC NODE DOWN        
  692549 11/29/95 12:31 11/29/95 14:41 1       0   12500      98 CWT         1 CLSD  XDIAL TYMNET     ]HONEYWELL      NL HONEYWELL        
  690886 11/22/95 17:23 11/30/95 13:46 1       0    2601      80 PROJECT     1 CLSD  PXL   TYMNET     HONEYWELL       nc honeywell        
  691858 11/27/95 11:10 11/30/95 15:18 4      18       0      41 SWARE/VNDR  1 CLSD  MIN01 FRAMERELAY HONEYWELL       GC HONEY JL         
  692121 11/28/95 10:18 11/30/95 13:04 4       6       0      42 HWARE/VNDR  3 CLSD  LEE01 FRAMERELAY HONEYWELL       GC Honeywell        
  687683 11/12/95 12:48 12/ 1/95 13:58 4      31       0      94 DOCUMENTN   1 CLSD  EDI01 FRAMERELAY HONEYWELL MOTHE CEASED SERVICE      
  692727 11/29/95 21:44 12/ 1/95 18:53 2    4512    7030      40 OP/PCDR ER  3 CLSD  XCOM  TYMNET     HONEYWELL       TRACE NEEDED 9AM FRI
  693296 12/ 1/95 11:36 12/ 4/95  9:07 4      32       0      98 CWT         2 CLSD  FRK03 FRAMERELAY HONEYWELL BRAUC GC HONEYWELL        
  693891 12/ 4/95 14:39 12/ 4/95 17:31 4      31   91036      97 REF-OTH-TK  1 CLSD  MUN02 FRAMERELAY HONEYWELL       MUN02 31.1          
  693107 11/30/95 22:25 12/ 5/95  6:46 2   12384    6517      42 HWARE/VNDR  1 CLSD  ISCS  TYMNET     HONEYWELL       LFT MS 4 CM 12/4    
  693820 12/ 4/95 10:33 12/ 5/95  7:53 4      30       0      60 CFG GL EXC  2 CLSD  BRU02 FRAMERELAY HONEYWELL       GC HONEYWELL        
  688877 11/15/95 16:38 12/ 6/95 11:46 2   17832    6517      41 SWARE/VNDR  1 CLSD  56KB  TYMNET     HONEYWELL       NL HONEY JL         
  694226 12/ 5/95 14:25 12/ 6/95 12:38 4      31   91118      97 REF-OTH-TK  1 CLSD  MUN02 FRAMERELAY HONEYWELL       MUN02 31.1          
  694446 12/ 6/95 11:56 12/ 6/95 12:32 2   30151    4665      95 NTF/CWT     2 CLSD  DIALU TYMNET     HONEYWELL       PLEASE ACCEPT       
  694506 12/ 6/95 13:42 12/ 6/95 15:38 1       0    6470      99 TRACKING    1 CLSD  NODE  TYMNET     HONEYWELL       IT.HONEYWELL        
  694516 12/ 6/95 15:02 12/ 6/95 16:05 4      31       0      60 CFG GL EXC  2 CLSD  FRK03 FRAMERELAY HONEYWELL       GC HONEY JL         
  693857 12/ 4/95 12:32 12/ 7/95 10:55 2   30152   10702      11 BOARD       1 CLSD  SDB   TYMNET     HONEYWELL       AJ DEALING          
  694809 12/ 7/95 14:38 12/ 7/95 19:46 4      27       0      97 REF-OTH-TK  1 CLSD  MUN02 FRAMERELAY HONEYWELL       NC MUN02 27.3       
  694440 12/ 6/95 11:39 12/ 8/95 13:47 1       0    3420      52 DIGITAL     1 CLSD  NODE  TYMNET     HONEYWELL       GC AJ MONITORING    
  694813 12/ 7/95 14:42 12/ 8/95 18:51 4      27   91118      97 REF-OTH-TK  1 CLSD  MUN02 FRAMERELAY HONEYWELL       [DAYS CLOSE]        
  694997 12/ 8/95  8:24 12/ 8/95  9:30 3       0       0      40 OP/PCDR ER  1 CLSD  XCOM  TYMNET     HONEYWELL       NL HONEYWELL JL     
  688038 11/13/95 19:03 11/17/95  9:42 2   30152   10702      95 NTF/CWT     3 CLSD  XCOM  TYMNET     HONEYWELL/BTNL  CALL CUST 1700      
  690099 11/20/95 15:47 11/21/95 18:56 4       7       0      97 REF-OTH-TK  1 CLSD  AMS01 FRAMERELAY HONEYWELL       NL PB.PARIS MNJ     
  691268 11/24/95  8:31 12/ 2/95  4:01 4       5       0      52 DIGITAL     1 CLSD  KEYD2 FRAMERELAY HONEYWELL       NC BAYD2-PAR01      
