6-DEC-95 05:57:42  ** Session begins: TAKEIT version 47.
6-DEC-95 05:57:42  * Opername: ZACHARYE, Username: OPER
6-DEC-95 05:57:44  AUTO 
6-DEC-95 05:58:13  * Countdown = 1:03 hours, Grace = 5
6-DEC-95 05:58:13  * "System going down as per schedule."
6-DEC-95 06:31:17  * Warning: 30 minutes /EZ
6-DEC-95 06:51:15  * Warning: 10 minutes /EZ
6-DEC-95 06:56:15  * Warning: 5 minutes /EZ
6-DEC-95 06:59:14  * Warning: 2 minutes /EZ
6-DEC-95 07:00:14  * System shut (0 -> 400000)
6-DEC-95 07:00:15  * Warning: 1 minute /EZ
6-DEC-95 07:01:14  * System super shut (400000 -> 600000)
6-DEC-95 07:01:14  * Warning: 0 minutes /EZ
6-DEC-95 07:01:18  * Killed job 3, user OPER <CRSH54> SL
6-DEC-95 07:01:19  * Evicted job 4, user PERPOPER <XEXEC> RN
6-DEC-95 07:01:19  * Evicted job 5, user PERPOPER <SYSLOG> RN
6-DEC-95 07:01:19  * Evicted job 6, user PERPOPER <CRON> RN
6-DEC-95 07:01:19  * Killed job 26, user CSS800 <1022F4> ^C
6-DEC-95 07:01:19  * Killed job 29, user NSSC <SET> ^C
6-DEC-95 07:01:19  * Killed job 45, user CSS800 <1022F4> ^C
6-DEC-95 07:01:38  * Killed job 63, user ECSC <1022F4> ^C
6-DEC-95 07:02:15  * Killed job 10, user FLMTECH <1022F4> ^C
6-DEC-95 07:03:26  * Killed job 15, user FLMTECH <1022F4> ^C
6-DEC-95 07:04:09  * Killed job 20, user NSSC <1022F4> ^C
6-DEC-95 07:04:37  * Killed job 32, user NSSC <1022F4> ^C
6-DEC-95 07:05:17  * Killed job 24, user BTFSERV <1022F4> ^C
6-DEC-95 07:05:44  * Killed job 8, user UK800 <1022F4> TI
6-DEC-95 07:05:44  * Killed job 9, user BTDUBAI <1022F4> TI
6-DEC-95 07:05:44  * Killed job 11, user BTHK <1022F4> TI
6-DEC-95 07:05:44  * Killed job 12, user NSSC <1022F4> RN
6-DEC-95 07:05:44  * Killed job 13, user NSCNET <1022F4> TI
6-DEC-95 07:05:44  * Killed job 14, user NTS <1022F4> TI
6-DEC-95 07:05:44  * Killed job 16, user ERNMC <1022F4> TI
6-DEC-95 07:05:44  * Killed job 17, user NSSC <1022F4> TI
6-DEC-95 07:05:44  * Killed job 18, user BTNL <1022F4> TI
6-DEC-95 07:05:44  * Killed job 19, user BTHK <1022F4> TI
6-DEC-95 07:05:44  * Killed job 21, user BTHK <1022F4> TI
6-DEC-95 07:05:44  * Killed job 25, user BTHK <1022F4> TI
6-DEC-95 07:05:45  * Killed job 27, user UKOPS <1022F4> TI
6-DEC-95 07:05:45  * Killed job 30, user NSCNET <1022F4> TI
6-DEC-95 07:05:45  * Killed job 33, user BTHK <1022F4> TI
6-DEC-95 07:05:45  * Killed job 34, user BTHK <1022F4> TI
6-DEC-95 07:05:45  * Killed job 35, user FLMTECH <1022F4> TI
6-DEC-95 07:05:45  * Killed job 36, user CSS800 <1022F4> TI
6-DEC-95 07:05:45  * Killed job 39, user GCSCA <1022F4> TI
6-DEC-95 07:05:45  * Killed job 40, user CSS800 <1022F4> TI
6-DEC-95 07:05:45  * Killed job 41, user BTHK <1022F4> TI
6-DEC-95 07:05:45  * Killed job 42, user NSSC <1022F4> TI
6-DEC-95 07:05:45  * Killed job 43, user BTSNG <1022F4> TI
6-DEC-95 07:05:45  * Killed job 44, user NSSC <1022F4> TI
6-DEC-95 07:05:45  * Killed job 46, user BTFR <1022F4> TI
6-DEC-95 07:05:45  * Killed job 47, user BTGER <1022F4> TI
6-DEC-95 07:05:45  * Killed job 48, user MCOLLINS <1022F4> TI
6-DEC-95 07:05:45  * Killed job 49, user NOVAFIELD <1022F4> TI
6-DEC-95 07:05:45  * Killed job 50, user NTS <1022F4> TI
6-DEC-95 07:05:45  * Killed job 51, user NETCON <1022F4> TI
6-DEC-95 07:05:46  * Killed job 52, user NETCON <1022F4> TI
6-DEC-95 07:05:46  * Killed job 53, user CSS800 <1022F4> TI
6-DEC-95 07:05:46  * Killed job 55, user OPER <TITO> SW
6-DEC-95 07:05:46  * Killed job 56, user NSSC <1022F4> RN
6-DEC-95 07:05:46  * Killed job 57, user ERNMC <1022F4> TI
6-DEC-95 07:05:46  * Killed job 58, user BTSNG <1022F4> TI
6-DEC-95 07:05:46  * Killed job 59, user BTBEL <1022F4> TI
6-DEC-95 07:05:46  * Killed job 60, user BTSNG <1022F4> TI
6-DEC-95 07:05:59  * Killed job 1, user PJ <PAM> SL
6-DEC-95 07:05:59  * Evicted job 2, user OPER <CHKPNT> TS
6-DEC-95 07:06:03  * Hanging system...
6-DEC-95 07:06:03  ** Session ends.

4-DEC-95 18:48:01  ** Session begins: TAKEIT version 47.
4-DEC-95 18:48:01  * Opername: PALS, Username: OPER
4-DEC-95 18:48:36  AUTO 
4-DEC-95 18:50:01  * Countdown = 4:11 hours, Grace = 5
4-DEC-95 18:50:01  * "System going down as per schedule."
4-DEC-95 18:52:08  HOLD 
4-DEC-95 19:15:15  SCHED 
4-DEC-95 19:15:25  SCHED 400000
4-DEC-95 19:15:25  * System shut (0 -> 400000)
4-DEC-95 19:15:26  SCHED 
4-DEC-95 19:28:34  CANCEL 
4-DEC-95 19:28:40  AUTO 
4-DEC-95 19:28:57  * Countdown = 5 minutes, Grace = 1
4-DEC-95 19:28:57  * "System going down for emergency maint."
4-DEC-95 19:28:57  * Warning: 5 minutes /DH
4-DEC-95 19:34:14  CONTINUE 
4-DEC-95 19:34:35  CANCEL 
4-DEC-95 19:34:41  AUTO 
4-DEC-95 19:34:57  * Countdown = 1 minute, Grace = 1
4-DEC-95 19:34:57  * "System going down for emergency maint."
4-DEC-95 19:34:57  * Warning: 1 minute /DH
4-DEC-95 19:35:57  * System super shut (400000 -> 600000)
4-DEC-95 19:35:58  * Warning: 0 minutes /DH
4-DEC-95 19:36:02  * Killed job 3, user OPER <CRS201> SL
4-DEC-95 19:36:03  * Evicted job 4, user PERPOPER <XEXEC> RN
4-DEC-95 19:36:03  * Evicted job 5, user PERPOPER <SYSLOG> RN
4-DEC-95 19:36:03  * Evicted job 6, user PERPOPER <CRON> RN
4-DEC-95 19:36:03  * Killed job 7, user OPER <ERRCHK> ^C
4-DEC-95 19:36:03  * Killed job 51, user NSSC <1022F4> ^C
4-DEC-95 19:36:28  * Killed job 8, user GCSCA <1022F4> TI
4-DEC-95 19:36:28  * Killed job 9, user NTS <1022F4> TI
4-DEC-95 19:36:28  * Killed job 10, user CSS800 <X22> TI
4-DEC-95 19:36:28  * Killed job 11, user FLMTECH <1022F4> TI
4-DEC-95 19:36:28  * Killed job 12, user BTFR <1022F4> TI
4-DEC-95 19:36:28  * Killed job 17, user NETCON <1022F4> TI
4-DEC-95 19:36:28  * Killed job 18, user NSSC <1022F4> TI
4-DEC-95 19:36:28  * Killed job 21, user CSS800 <1022F4> TI
4-DEC-95 19:36:28  * Killed job 22, user NSSC <1022F4> TI
4-DEC-95 19:36:28  * Killed job 23, user NTS <1022F4> TI
4-DEC-95 19:36:28  * Killed job 25, user UK800 <1022F4> TI
4-DEC-95 19:36:28  * Killed job 26, user TWITS <1022F4> TI
4-DEC-95 19:36:29  * Killed job 30, user CSS800 <1022F4> TI
4-DEC-95 19:36:29  * Killed job 32, user CSS800 <1022F4> TI
4-DEC-95 19:36:29  * Killed job 33, user UK800 <1022F4> TI
4-DEC-95 19:36:29  * Killed job 34, user BTGER <1022F4> TI
4-DEC-95 19:36:29  * Killed job 35, user NSSC <X22> SW
4-DEC-95 19:36:29  * Killed job 36, user BTFR <1022F4> TI
4-DEC-95 19:36:29  * Killed job 38, user CSS800 <1022F4> TI
4-DEC-95 19:36:29  * Killed job 39, user NOVAFIELD <1022F4> TI
4-DEC-95 19:36:29  * Killed job 40, user NSSC <1022F4> TI
4-DEC-95 19:36:29  * Killed job 41, user UKOPS <1022F4> TI
4-DEC-95 19:36:29  * Killed job 42, user FLMTECH <1022F4> TI
4-DEC-95 19:36:29  * Killed job 43, user ERNMC <1022F4> RN
4-DEC-95 19:36:29  * Killed job 46, user NSSC <1022F4> RN
4-DEC-95 19:36:29  * Killed job 47, user FLMTECH <1022F4> TI
4-DEC-95 19:36:29  * Killed job 48, user NOVAFIELD <1022F4> TI
4-DEC-95 19:36:29  * Killed job 49, user NSSC <1022F4> TI
4-DEC-95 19:36:29  * Killed job 50, user FLMTECH <1022F4> TI
4-DEC-95 19:36:29  * Killed job 53, user UKOPS <1022F4> TI
4-DEC-95 19:36:29  * Killed job 54, user NSSC <1022F4> TI
4-DEC-95 19:36:30  * Killed job 55, user CSS800 <1022F4> TI
4-DEC-95 19:36:30  * Killed job 56, user NOVAFIELD <1022F4> TI
4-DEC-95 19:36:30  * Killed job 65, user CSS800 <1022F4> TI
4-DEC-95 19:36:30  * Killed job 66, user CSS800 <1022F4> TI
4-DEC-95 19:36:30  * Killed job 67, user NSSC <1022F4> RN
4-DEC-95 19:36:30  * Killed job 68, user BTNL <1022F4> TI
4-DEC-95 19:36:30  * Killed job 69, user CSS800 <1022F4> TI
4-DEC-95 19:36:30  * Killed job 72, user NETCON <1022F4> TI
4-DEC-95 19:36:30  * Killed job 73, user CSS800 <X22> TI
4-DEC-95 19:36:30  * Killed job 74, user BTFR <1022F4> TI
4-DEC-95 19:36:30  * Killed job 76, user NTS <1022F4> TI
4-DEC-95 19:36:30  * Killed job 78, user CSS800 <1022F4> TI
4-DEC-95 19:36:30  * Killed job 83, user NOVAFIELD <1022F4> TI
4-DEC-95 19:36:30  * Killed job 84, user NOVAFIELD <1022F4> TI
4-DEC-95 19:36:31  * Killed job 85, user NSSC <1022F4> TI
4-DEC-95 19:36:31  * Killed job 89, user ERNMC <1022F4> TI
4-DEC-95 19:36:31  * Killed job 90, user GCSCC <1022F4> TI
4-DEC-95 19:36:31  * Killed job 93, user NSCNET <1022F4> TI
4-DEC-95 19:36:31  * Killed job 94, user CSS800 <1022F4> TI
4-DEC-95 19:36:31  * Killed job 95, user CSS800 <1022F4> TI
4-DEC-95 19:36:31  * Killed job 96, user FLMTECH <1022F4> TI
4-DEC-95 19:36:31  * Killed job 97, user NSSC <1022F4> TI
4-DEC-95 19:36:31  * Killed job 98, user GMASTERS <1022F4> TI
4-DEC-95 19:36:31  * Killed job 99, user CSS800 <1022F4> TI
4-DEC-95 19:36:31  * Killed job 100, user CSS800 <1022F4> TI
4-DEC-95 19:36:31  * Killed job 101, user NSSC <1022F4> RN
4-DEC-95 19:36:31  * Killed job 106, user FLMTECH <1022F4> TI
4-DEC-95 19:36:31  * Killed job 107, user CSS800 <1022F4> TI
4-DEC-95 19:36:32  * Killed job 109, user FLMTECH <1022F4> TI
4-DEC-95 19:36:32  * Killed job 110, user NSSC <1022F4> TI
4-DEC-95 19:36:32  * Killed job 114, user NETCON <1022F4> TI
4-DEC-95 19:36:58  * Killed job 1, user PJ <PAM> SL
4-DEC-95 19:36:58  * Evicted job 2, user OPER <CHKPNT> TS
4-DEC-95 19:37:02  * Hanging system...
4-DEC-95 19:37:02  ** Session ends.

3-DEC-95 06:00:51  ** Session begins: TAKEIT version 47.
3-DEC-95 06:00:51  * Opername: ZACHARYE, Username: OPER
3-DEC-95 06:00:54  AUTO 
3-DEC-95 06:01:19  * Countdown = 60 minutes, Grace = 5
3-DEC-95 06:01:19  * "System going down as per schedule."
3-DEC-95 06:31:22  * Warning: 30 minutes /EZ
3-DEC-95 06:51:22  * Warning: 10 minutes /EZ
3-DEC-95 06:56:22  * Warning: 5 minutes /EZ
3-DEC-95 06:59:19  * Warning: 2 minutes /EZ
3-DEC-95 07:00:19  * System shut (0 -> 400000)
3-DEC-95 07:00:19  * Warning: 1 minute /EZ
3-DEC-95 07:01:19  * System super shut (400000 -> 600000)
3-DEC-95 07:01:19  * Warning: 0 minutes /EZ
3-DEC-95 07:01:20  * Killed job 3, user OPER <CRS135> SL
3-DEC-95 07:01:20  * Evicted job 4, user PERPOPER <XEXEC> RN
3-DEC-95 07:01:20  * Evicted job 5, user PERPOPER <SYSLOG> RN
3-DEC-95 07:01:20  * Evicted job 6, user PERPOPER <CRON> RN
3-DEC-95 07:01:20  * Killed job 13, user OPER <MAGCON> ^C
3-DEC-95 07:01:20  * Killed job 14, user NSCNET <1022F4> ^C
3-DEC-95 07:01:32  * Killed job 30, user RNMCAP <1022F4> ^C
3-DEC-95 07:01:46  * Killed job 18, user UKOPS <LOGOUT> RN
3-DEC-95 07:02:00  * Killed job 16, user ERNMC <1022F4> ^C
3-DEC-95 07:02:20  * Killed job 9, user NSSC <1022F4> ^C
3-DEC-95 07:03:25  * Killed job 27, user NSSC <1022F4> ^C
3-DEC-95 07:05:44  * Killed job 31, user NSSC <1022F4> ^C
3-DEC-95 07:05:49  * Killed job 7, user BTHK <1022F4> TI
3-DEC-95 07:05:49  * Killed job 8, user UKOPS <1022F4> TI
3-DEC-95 07:05:49  * Killed job 12, user CSS800 <1022F4> TI
3-DEC-95 07:05:49  * Killed job 15, user NOVAFIELD <1022F4> TI
3-DEC-95 07:05:49  * Killed job 17, user CSS800 <1022F4> TI
3-DEC-95 07:05:49  * Killed job 19, user NSSC <1022F4> TI
3-DEC-95 07:05:49  * Killed job 21, user NSSC <1022F4> TI
3-DEC-95 07:05:49  * Killed job 24, user NETCON <1022F4> TI
3-DEC-95 07:05:50  * Killed job 25, user FLMTECH <1022F4> TI
3-DEC-95 07:05:50  * Killed job 26, user ERNMC <1022F4> TI
3-DEC-95 07:05:56  * Killed job 1, user PJ <PAM> SL
3-DEC-95 07:05:56  * Evicted job 2, user OPER <CHKPNT> TS
3-DEC-95 07:05:59  * Hanging system...
3-DEC-95 07:05:59  ** Session ends.

2-DEC-95 05:14:56  ** Session begins: TAKEIT version 47.
2-DEC-95 05:14:56  * Opername: ZACHARYE, Username: OPER
2-DEC-95 05:14:58  AUTO 
2-DEC-95 05:15:16  * Countdown = 55 minutes, Grace = 5
2-DEC-95 05:15:16  * "System going down as per schedule."
2-DEC-95 05:40:17  * Warning: 30 minutes /EZ
2-DEC-95 06:00:20  * Warning: 10 minutes /EZ
2-DEC-95 06:05:18  * Warning: 5 minutes /EZ
2-DEC-95 06:08:18  * Warning: 2 minutes /EZ
2-DEC-95 06:09:19  * System shut (0 -> 400000)
2-DEC-95 06:09:19  * Warning: 1 minute /EZ
2-DEC-95 06:10:18  * System super shut (400000 -> 600000)
2-DEC-95 06:10:19  * Warning: 0 minutes /EZ
2-DEC-95 06:10:20  * Killed job 3, user OPER <CRS571> SL
2-DEC-95 06:10:20  * Evicted job 4, user PERPOPER <XEXEC> RN
2-DEC-95 06:10:21  * Evicted job 5, user PERPOPER <SYSLOG> RN
2-DEC-95 06:10:21  * Evicted job 6, user PERPOPER <CRON> RN
2-DEC-95 06:10:21  * Killed job 11, user CARL <HACKUP> ^C
2-DEC-95 06:10:21  * Killed job 18, user GCSCA <> ^C
2-DEC-95 06:10:21  * Killed job 31, user RNMCAP <1022F4> ^C
2-DEC-95 06:11:12  * Killed job 22, user NSSC <1022F4> ^C
2-DEC-95 06:12:08  * Killed job 12, user NOVAFIELD <LOGOUT> RN
2-DEC-95 06:14:49  * Killed job 7, user NTS <1022F4> TI
2-DEC-95 06:14:49  * Killed job 8, user FLMTECH <1022F4> TI
2-DEC-95 06:14:49  * Killed job 10, user BTHK <1022F4> TI
2-DEC-95 06:14:49  * Killed job 13, user UK800 <1022F4> TI
2-DEC-95 06:14:49  * Killed job 14, user NTS <1022F4> TI
2-DEC-95 06:14:49  * Killed job 15, user GCSCC <1022F4> TI
2-DEC-95 06:14:49  * Killed job 16, user GCSCA <1022F4> TI
2-DEC-95 06:14:49  * Killed job 19, user ERNMC <1022F4> TI
2-DEC-95 06:14:49  * Killed job 20, user ERNMC <1022F4> TI
2-DEC-95 06:14:49  * Killed job 21, user NSSC <1022F4> TI
2-DEC-95 06:14:49  * Killed job 25, user TWITS <1022F4> TI
2-DEC-95 06:14:49  * Killed job 26, user NETCON <1022F4> TI
2-DEC-95 06:14:49  * Killed job 28, user CSS800 <1022F4> TI
2-DEC-95 06:14:49  * Killed job 29, user CSS800 <1022F4> TI
2-DEC-95 06:14:49  * Killed job 30, user NSSC <1022F4> RN
2-DEC-95 06:14:49  * Killed job 32, user GCSCA <1022F4> TI
2-DEC-95 06:14:49  * Killed job 33, user NTS <1022F4> TI
2-DEC-95 06:14:49  * Killed job 34, user CSS800 <1022F4> TI
2-DEC-95 06:14:50  * Killed job 35, user TWITS <1022F4> TI
2-DEC-95 06:14:50  * Killed job 39, user NSSC <1022F4> TI
2-DEC-95 06:14:50  * Killed job 44, user GMASTERS <1022F4> TI
2-DEC-95 06:14:51  * Killed job 46, user NTS <1022F4> TI
2-DEC-95 06:14:51  * Killed job 68, user NTS <1022F4> TI
2-DEC-95 06:14:51  * Killed job 72, user NTS <1022F4> TI
2-DEC-95 06:14:51  * Killed job 86, user NTS <1022F4> TI
2-DEC-95 06:14:51  * Killed job 89, user BTGER <1022F4> TI
2-DEC-95 06:15:19  * Killed job 1, user PJ <PAM> SL
2-DEC-95 06:15:19  * Evicted job 2, user OPER <CHKPNT> TS
2-DEC-95 06:15:24  * Hanging system...
2-DEC-95 06:15:24  ** Session ends.

28-NOV-95 08:51:09  ** Session begins: TAKEIT version 47.
28-NOV-95 08:51:09  * Opername: CARL, Username: OPER
28-NOV-95 08:51:09  * Another job set SCHED 400000 from 0
28-NOV-95 08:52:05  KILL <1022F4>
28-NOV-95 08:52:05  * Killed job 11, user BTFR <1022F4> TI
28-NOV-95 08:52:05  * Killed job 22, user CSS800 <1022F4> RN
28-NOV-95 08:52:06  * Killed job 25, user BTGER <1022F4> TI
28-NOV-95 08:52:06  * Killed job 27, user BTHK <1022F4> RN
28-NOV-95 08:52:07  * Killed job 29, user FLMTECH <1022F4> TI
28-NOV-95 08:52:07  * Killed job 30, user CSS800 <1022F4> RN
28-NOV-95 08:52:07  * Killed job 31, user FLMTECH <1022F4> RN
28-NOV-95 08:52:09  * Killed job 38, user NETCON <1022F4> TI
28-NOV-95 08:52:09  * Killed job 41, user NSSC <1022F4> RN
28-NOV-95 08:52:09  * Killed job 43, user NOVAFIELD <1022F4> RN
28-NOV-95 08:52:11  * Killed job 47, user CSS800 <1022F4> RN
28-NOV-95 08:52:11  * Killed job 49, user CSS800 <1022F4> TI
28-NOV-95 09:07:36  * Another job set SCHED 0 from 400000
28-NOV-95 09:13:26  KILL 
28-NOV-95 09:13:33  EXEMPT 
28-NOV-95 09:13:58  KILL 
28-NOV-95 09:14:03  QUIT 
28-NOV-95 09:14:03  ** Session ends.

26-NOV-95 08:26:14  ** Session begins: TAKEIT version 47.
26-NOV-95 08:26:14  * Opername: CHAVEZJ, Username: OPER
26-NOV-95 08:26:17  AUTO 
26-NOV-95 08:27:07  * Countdown = 5 minutes, Grace = 1
26-NOV-95 08:27:07  * "System going down as per schedule."
26-NOV-95 08:27:07  * Warning: 5 minutes /JC
26-NOV-95 08:30:08  * Warning: 2 minutes /JC
26-NOV-95 08:31:07  * System shut (0 -> 400000)
26-NOV-95 08:31:07  * Warning: 1 minute /JC
26-NOV-95 08:32:08  * System super shut (400000 -> 600000)
26-NOV-95 08:32:08  * Warning: 0 minutes /JC
26-NOV-95 08:32:09  * Killed job 3, user OPER <CRS996> SL
26-NOV-95 08:32:09  * Evicted job 4, user PERPOPER <XEXEC> RN
26-NOV-95 08:32:09  * Evicted job 5, user PERPOPER <SYSLOG> RN
26-NOV-95 08:32:09  * Evicted job 6, user PERPOPER <CRON> RN
26-NOV-95 08:32:39  * Killed job 7, user GCSCA <1022F4> TI
26-NOV-95 08:32:39  * Killed job 8, user NSSC <1022F4> TI
26-NOV-95 08:32:39  * Killed job 9, user CSS800 <1022F4> TI
26-NOV-95 08:32:39  * Killed job 10, user NSSC <1022F4> RN
26-NOV-95 08:32:39  * Killed job 11, user RNMCAP <1022F4> TI
26-NOV-95 08:32:39  * Killed job 12, user UKOPS <1022F4> TI
26-NOV-95 08:32:39  * Killed job 13, user FLMTECH <1022F4> TI
26-NOV-95 08:32:39  * Killed job 14, user BTHK <1022F4> TI
26-NOV-95 08:32:39  * Killed job 15, user NETCON <1022F4> TI
26-NOV-95 08:32:39  * Killed job 16, user NSSC <1022F4> RN
26-NOV-95 08:32:39  * Killed job 17, user GCSCA <1022F4> TI
26-NOV-95 08:32:39  * Killed job 18, user BTFR <1022F4> TI
26-NOV-95 08:32:39  * Killed job 19, user ASIAPAC <1022F4> TI
26-NOV-95 08:32:39  * Killed job 20, user UK800 <1022F4> TI
26-NOV-95 08:32:39  * Killed job 21, user GCSCA <1022F4> TI
26-NOV-95 08:32:39  * Killed job 22, user ERNMC <1022F4> TI
26-NOV-95 08:32:40  * Killed job 23, user NETCON <1022F4> TI
26-NOV-95 08:32:40  * Killed job 26, user NSSC <1022F4> RN
26-NOV-95 08:32:40  * Killed job 27, user UKOPS <1022F4> TI
26-NOV-95 08:32:40  * Killed job 28, user CDMTICKET <1022F4> RN
26-NOV-95 08:32:40  * Killed job 30, user NSCNET <1022F4> RN
26-NOV-95 08:32:40  * Killed job 31, user TWITS <1022F4> TI
26-NOV-95 08:32:40  * Killed job 34, user ERNMC <1022F4> TI
26-NOV-95 08:32:40  * Killed job 36, user NTS <1022F4> TI
26-NOV-95 08:32:40  * Killed job 41, user BTGER <1022F4> TI
26-NOV-95 08:32:40  * Killed job 58, user BTFR <1022F4> TI
26-NOV-95 08:32:54  * Killed job 1, user PJ <PAM> SL
26-NOV-95 08:32:54  * Evicted job 2, user OPER <CHKPNT> TS
26-NOV-95 08:32:58  * Hanging system...
26-NOV-95 08:32:58  ** Session ends.

23-NOV-95 14:27:21  ** Session begins: TAKEIT version 47.
23-NOV-95 14:27:21  * Opername: CHAVEZJ, Username: OPER
23-NOV-95 14:27:21  * Another job set SCHED 400000 from 0
23-NOV-95 14:27:27  KILL 7
23-NOV-95 14:27:27  * Killed job 7, user FLMTECH <1022F4> TI
23-NOV-95 14:27:33  KILL 8
23-NOV-95 14:27:33  * Killed job 8, user UK800 <1022F4> TI
23-NOV-95 14:27:42  QUIT 
23-NOV-95 14:27:42 ession ends.

23-NOV-95 14:25:56  ** Session begins: TAKEIT version 47.
23-NOV-95 14:25:56  * Opername: CHAVEZJ, Username: OPER
23-NOV-95 14:25:56  * Another job set SCHED 400000 from 0
23-NOV-95 14:26:01  KILL 33
23-NOV-95 14:26:01  * Killed job 33, user UK800 <1022F4> TI
23-NOV-95 14:26:05  KILL 54
23-NOV-95 14:26:05  * Killed job 54, user CSS800 <1022F4> TI
23-NOV-95 14:26:08  QUIT 
23-NOV-95 14:26:08  ** Session ends.

23-NOV-95 14:17:43  ** Session begins: TAKEIT version 47.
23-NOV-95 14:17:43  * Opername: CHAVEZJ, Username: OPER
23-NOV-95 14:17:43  * Another job set SCHED 400000 from 0
23-NOV-95 14:17:51  KILL 93
23-NOV-95 14:17:52  * Killed job 93, user NETCON <1022F4> TI
23-NOV-95 14:18:09  KILL 11
23-NOV-95 14:18:09  * Killed job 11, user NSSC <1022F4> RN
23-NOV-95 14:18:23  KILL 28
23-NOV-95 14:18:23  * Killed job 28, user NETCON <1022F4> SL
23-NOV-95 14:18:37  KILL 44
23-NOV-95 14:18:37  * Killed job 44, user NTS <1022F4> TI
23-NOV-95 14:18:40  KILL 45
23-NOV-95 14:18:40  * Killed job 45, user NTS <1022F4> TI
23-NOV-95 14:19:16  KILL 66
23-NOV-95 14:19:16  * Killed job 66, user UK800 <1022F4> TI
23-NOV-95 14:19:26  KILL 67,68
23-NOV-95 14:19:34  KILL 67
23-NOV-95 14:19:36  KILL 68
23-NOV-95 14:19:37  * Killed job 68, user BTGER <1022F4> TI
23-NOV-95 14:19:44  KILL 10
23-NOV-95 14:19:44  * Killed job 10, user CSS800 <1022F4> TI
23-NOV-95 14:19:52  KILL 12
23-NOV-95 14:19:52  * Killed job 12, user DGODARD <1022F4> TI
23-NOV-95 14:19:52  ?!FOSAA failure: job 12, user DGODARD <LOGOUT> SW
23-NOV-95 14:20:03  KILL 23
23-NOV-95 14:20:03  * Killed job 23, user BTFR <1022F4> TI
23-NOV-95 14:20:09  KILL 13
23-NOV-95 14:20:09  * Killed job 13, user CSS800 <1022F4> TI
23-NOV-95 14:20:14  KILL 14
23-NOV-95 14:20:14  * Killed job 14, user UK800 <1022F4> TI
23-NOV-95 14:20:17  KILL 15
23-NOV-95 14:20:17  * Killed job 15, user GCSCC <1022F4> TI
23-NOV-95 14:20:22  KILL 16
23-NOV-95 14:20:22  * Killed job 16, user ECSC <1022F4> TI
23-NOV-95 14:20:24  KILL 17
23-NOV-95 14:20:24  * Killed job 17, user TWITS <1022F4> TI
23-NOV-95 14:20:28  KILL 18
23-NOV-95 14:20:28  * Killed job 18, user BTGER <1022F4> TI
23-NOV-95 14:20:32  KILL 19
23-NOV-95 14:20:32  * Killed job 19, user NTS <1022F4> TI
23-NOV-95 14:20:35  KILL 20
23-NOV-95 14:20:35  * Killed job 20, user ECSC <1022F4> TI
23-NOV-95 14:20:39  KILL 21
23-NOV-95 14:20:39  * Killed job 21, user NTS <1022F4> TI
23-NOV-95 14:20:46  KILL 22
23-NOV-95 14:20:46  * Killed job 22, user BTNL <1022F4> RN
23-NOV-95 14:20:50  KILL 23
23-NOV-95 14:20:54  KILL 24
23-NOV-95 14:20:54  * Killed job 24, user ERNMC <1022F4> TI
23-NOV-95 14:20:59  KILL 25
23-NOV-95 14:20:59  * Killed job 25, user MCOLLINS <1022F4> TI
23-NOV-95 14:21:02  KILL 26
23-NOV-95 14:21:02  * Killed job 26, user UKMYEL <1022F4> TI
23-NOV-95 14:21:02  ?!FOSAA failure: job 26, user UKMYEL <LOGOUT> SS
23-NOV-95 14:21:08  KILL 27
23-NOV-95 14:21:08  * Killed job 27, user UKOPS <1022F4> SL
23-NOV-95 14:21:13  KILL 29
23-NOV-95 14:21:13  * Killed job 29, user BTBEL <1022F4> TI
23-NOV-95 14:21:16  KILL 30
23-NOV-95 14:21:16  * Killed job 30, user BTBEL <1022F4> TI
23-NOV-95 14:21:21  KILL 31
23-NOV-95 14:21:21  * Killed job 31, user ERNMC <1022F4> TI
23-NOV-95 14:21:24  KILL 32
23-NOV-95 14:21:24  * Killed job 32, user BTGER <1022F4> RN
23-NOV-95 14:21:27  KILL 34
23-NOV-95 14:21:27  * Killed job 34, user BTNL <1022F4> TI
23-NOV-95 14:21:27  ?!FOSAA failure: job 34, user BTNL <LOGOUT> SS
23-NOV-95 14:21:35  KILL 35
23-NOV-95 14:21:35  * Killed job 35, user NSSC <1022F4> TI
23-NOV-95 14:21:40  KILL 36
23-NOV-95 14:21:40  * Killed job 36, user ERNMC <1022F4> TI
23-NOV-95 14:21:45  KILL 37
23-NOV-95 14:21:45  * Killed job 37, user NTS <1022F4> TI
23-NOV-95 14:21:49  KILL 38
23-NOV-95 14:21:49  * Killed job 38, user BTGER <1022F4> TI
23-NOV-95 14:21:52  KILL 39
23-NOV-95 14:21:52  * Killed job 39, user BTSZ <1022F4> TI
23-NOV-95 14:21:56  KILL 40
23-NOV-95 14:21:56  * Killed job 40, user SYNC <1022F4> TI
23-NOV-95 14:21:56  ?!FOSAA failure: job 40, user SYNC <LOGOUT> RN
23-NOV-95 14:22:01  KILL 41
23-NOV-95 14:22:01  * Killed job 41, user ECSC <> ^C
23-NOV-95 14:22:05  KILL 42
23-NOV-95 14:22:05  * Killed job 42, user BTFR <1022F4> TI
23-NOV-95 14:22:08  KILL 43
23-NOV-95 14:22:08  * Killed job 43, user GCSCA <1022F4> ^C
23-NOV-95 14:22:11  KILL 44
23-NOV-95 14:22:17  KILL 45
23-NOV-95 14:22:20  KILL 46
23-NOV-95 14:22:20  * Killed job 46, user BTNL <1022F4> TI
23-NOV-95 14:22:20  ?!FOSAA failure: job 46, user BTNL <LOGOUT> RN
23-NOV-95 14:22:25  KILL 47
23-NOV-95 14:22:25  * Killed job 47, user BTFR <1022F4> TI
23-NOV-95 14:22:28  KILL 48
23-NOV-95 14:22:28  * Killed job 48, user GCSCA <1022F4> TI
23-NOV-95 14:22:32  KILL 49
23-NOV-95 14:22:32  * Killed job 49, user BTFR <1022F4> TI
23-NOV-95 14:22:35  KILL 50
23-NOV-95 14:22:35  * Killed job 50, user GCSCA <1022F4> TI
23-NOV-95 14:22:38  KILL 51
23-NOV-95 14:22:38  * Killed job 51, user CSS800 <1022F4> TI
23-NOV-95 14:22:41  KILL 52
23-NOV-95 14:22:41  * Killed job 52, user UK800 <1022F4> TI
23-NOV-95 14:22:44  KILL 55
23-NOV-95 14:22:44  * Killed job 55, user BTFR <1022F4> TI
23-NOV-95 14:22:49  KILL 56
23-NOV-95 14:22:49  * Killed job 56, user BTITA <1022F4> TI
23-NOV-95 14:22:52  KILL 57
23-NOV-95 14:22:52  * Killed job 57, user BTFSERV <1022F4> TI
23-NOV-95 14:22:55  KILL 58
23-NOV-95 14:22:55  * Killed job 58, user UKMYEL <1022F4> TI
23-NOV-95 14:22:56  ?!FOSAA failure: job 58, user UKMYEL <LOGOUT> SW
23-NOV-95 14:22:59  KILL 59
23-NOV-95 14:22:59  * Killed job 59, user BTGER <1022F4> TI
23-NOV-95 14:23:01  KILL 60
23-NOV-95 14:23:01  * Killed job 60, user GCSCC <1022F4> TI
23-NOV-95 14:23:02  ?!FOSAA failure: job 60, user GCSCC <LOGOUT> RN
23-NOV-95 14:23:05  KILL 61
23-NOV-95 14:23:08  KILL 62
23-NOV-95 14:23:08  * Killed job 62, user CSS800 <1022F4> TI
23-NOV-95 14:23:16  KILL 63
23-NOV-95 14:23:16  * Killed job 63, user GCSCA <1022F4> TI
23-NOV-95 14:23:19  KILL 64
23-NOV-95 14:23:19  * Killed job 64, user BTFR <1022F4> TI
23-NOV-95 14:23:21  KILL 65
23-NOV-95 14:23:21  * Killed job 65, user BTFR <1022F4> TI
23-NOV-95 14:23:23  KILL 66
23-NOV-95 14:23:26  KILL 67
23-NOV-95 14:23:32  KILL 68
23-NOV-95 14:23:35  KILL 70
23-NOV-95 14:23:35  * Killed job 70, user ECSC <1022F4> TI
23-NOV-95 14:23:38  KILL 72
23-NOV-95 14:23:38  * Killed job 72, user NSCNET <1022F4> TI
23-NOV-95 14:23:42  KILL 73
23-NOV-95 14:23:42  * Killed job 73, user NTS <1022F4> TI
23-NOV-95 14:23:46  KILL 74
23-NOV-95 14:23:46  * Killed job 74, user BTGER <1022F4> TI
23-NOV-95 14:23:48  KILL 76
23-NOV-95 14:23:48  * Killed job 76, user BTFR <1022F4> TI
23-NOV-95 14:23:51  KILL 77
23-NOV-95 14:23:51  * Killed job 77, user BTFR <1022F4> TI
23-NOV-95 14:23:58  KILL 81
23-NOV-95 14:23:58  * Killed job 81, user UKMYEL <1022F4> TI
23-NOV-95 14:23:59  ?!FOSAA failure: job 81, user UKMYEL <LOGOUT> SW
23-NOV-95 14:24:01  KILL 78
23-NOV-95 14:24:01  * Killed job 78, user ERNMC <1022F4> TI
23-NOV-95 14:24:05  KILL 82
23-NOV-95 14:24:05  * Killed job 82, user BTFR <1022F4> TI
23-NOV-95 14:24:08  KILL 83
23-NOV-95 14:24:08  * Killed job 83, user BTSZ <1022F4> TI
23-NOV-95 14:24:14  KILL 90
23-NOV-95 14:24:14  * Killed job 90, user NSSC <1022F4> TI
23-NOV-95 14:24:20  KILL 84
23-NOV-95 14:24:25  KILL 85
23-NOV-95 14:24:25  * Killed job 85, user BTSPN <1022F4> TI
23-NOV-95 14:24:30  KILL 87
23-NOV-95 14:24:30  * Killed job 87, user NSSC <1022F4> TI
23-NOV-95 14:24:35  KILL 91
23-NOV-95 14:24:35  * Killed job 91, user MCOLLINS <1022F4> TI
23-NOV-95 14:24:39  KILL 90
23-NOV-95 14:24:42  KILL 92
23-NOV-95 14:24:42  * Killed job 92, user BTFR <1022F4> TI
23-NOV-95 14:24:46  KILL 93
23-NOV-95 14:24:48  KILL 94
23-NOV-95 14:24:48  * Killed job 94, user BTBEL <1022F4> TI
23-NOV-95 14:24:52  KILL 95
23-NOV-95 14:24:52  * Killed job 95, user GCSCA <1022F4> TI
23-NOV-95 14:24:56  KILL 96
23-NOV-95 14:24:56  * Killed job 96, user GCSCC <1022F4> TI
23-NOV-95 14:24:56  ?!FOSAA failure: job 96, user GCSCC <LOGOUT> RN
23-NOV-95 14:25:01  KILL 97
23-NOV-95 14:25:04  KILL 98
23-NOV-95 14:25:04  * Killed job 98, user BTGER <1022F4> TI
23-NOV-95 14:25:09  KILL 101
23-NOV-95 14:25:09  * Killed job 101, user BTFR <1022F4> TI
23-NOV-95 14:25:12  KILL 103
23-NOV-95 14:25:12  * Killed job 103, user UKOPS <1022F4> TI
23-NOV-95 14:25:16  KILL 110
23-NOV-95 14:25:16  * Killed job 110, user TNSM <1022F4> TI
23-NOV-95 14:25:20  KILL 112
23-NOV-95 14:25:20  * Killed job 112, user BTFR <1022F4> TI
23-NOV-95 14:25:30  QUIT 
23-NOV-95 14:25:30  ** Session ends.

19-NOV-95 05:54:32  ** Session begins: TAKEIT version 47.
19-NOV-95 05:54:32  * Opername: ZACHARYE, Username: OPER
19-NOV-95 05:54:37  AUTO 
19-NOV-95 05:54:54  * Countdown = 1:05 hours, Grace = 5
19-NOV-95 05:54:54  * "System going down as per schedule."
19-NOV-95 06:29:59  * Warning: 30 minutes /EZ
19-NOV-95 06:49:56  * Warning: 10 minutes /EZ
19-NOV-95 06:54:57  * Warning: 5 minutes /EZ
19-NOV-95 06:57:55  * Warning: 2 minutes /EZ
19-NOV-95 06:58:55  * System shut (0 -> 400000)
19-NOV-95 06:58:55  * Warning: 1 minute /EZ
19-NOV-95 06:59:55  * System super shut (400000 -> 600000)
19-NOV-95 06:59:55  * Warning: 0 minutes /EZ
19-NOV-95 06:59:56  * Killed job 3, user OPER <CRS122> SL
19-NOV-95 06:59:56  * Evicted job 4, user PERPOPER <XEXEC> RN
19-NOV-95 06:59:56  * Evicted job 5, user PERPOPER <SYSLOG> RN
19-NOV-95 06:59:56  * Evicted job 6, user PERPOPER <CRON> RN
19-NOV-95 06:59:56  * Killed job 8, user FLMTECH <1022F4> ^C
19-NOV-95 06:59:56  * Killed job 10, user NSSC <1022F4> ^C
19-NOV-95 06:59:56  * Killed job 21, user CARL <PSP> ^C
19-NOV-95 06:59:57  * Killed job 30, user NOVAFIELD <1022F4> ^C
19-NOV-95 07:00:18  * Killed job 16, user BTHK <LOGOUT> RN
19-NOV-95 07:00:48  * Killed job 17, user BTITA <LOGOUT> RN
19-NOV-95 07:00:59  * Killed job 23, user FLMTECH <1022F4> ^C
19-NOV-95 07:02:16  * Killed job 28, user NSSC <1022F4> ^C
19-NOV-95 07:04:25  * Killed job 7, user CSS800 <1022F4> SS
19-NOV-95 07:04:25  * Killed job 9, user NETCON <1022F4> TI
19-NOV-95 07:04:25  * Killed job 11, user NSSC <1022F4> TI
19-NOV-95 07:04:25  * Killed job 12, user GCSCC <1022F4> TI
19-NOV-95 07:04:25  * Killed job 13, user NETCON <1022F4> TI
19-NOV-95 07:04:25  * Killed job 15, user ERNMC <1022F4> TI
19-NOV-95 07:04:25  * Killed job 19, user NETCON <1022F4> TI
19-NOV-95 07:04:25  * Killed job 22, user ASIAPAC <1022F4> TI
19-NOV-95 07:04:25  * Killed job 25, user ASIAPAC <1022F4> TI
19-NOV-95 07:04:25  * Killed job 26, user CSS800 <1022F4> TI
19-NOV-95 07:04:25  * Killed job 27, user CSS800 <1022F4> TI
19-NOV-95 07:04:25  * Killed job 31, user NOVAFIELD <1022F4> TI
19-NOV-95 07:04:25  * Killed job 32, user NOVAFIELD <1022F4> TI
19-NOV-95 07:04:25  * Killed job 33, user NSCNET <1022F4> TI
19-NOV-95 07:04:26  * Killed job 34, user UK800 <1022F4> RN
19-NOV-95 07:04:26  * Killed job 35, user TWITS <1022F4> TI
19-NOV-95 07:04:26  * Killed job 36, user NSSC <1
** file truncated **
 U@V±